<?xml version="1.0" encoding="UTF-8"?>
<testng-results ignored="0" total="1" passed="1" failed="0" skipped="0">
  <reporter-output>
  </reporter-output>
  <suite started-at="2019-11-19T08:51:40Z" name="suite name" finished-at="2019-11-19T08:52:27Z" duration-ms="47162">
    <groups>
    </groups>
    <test started-at="2019-11-19T08:51:40Z" name="HomePage" finished-at="2019-11-19T08:52:27Z" duration-ms="47162">
      <class name="com.atmecs.tutorialninja.testscripts.HomePage">
        <test-method is-config="true" signature="invokeBrowser()[pri:0, instance:com.atmecs.tutorialninja.testscripts.HomePage@4c6e276e]" started-at="2019-11-19T08:51:40Z" name="invokeBrowser" finished-at="2019-11-19T08:51:47Z" duration-ms="6984" status="PASS">
          <reporter-output>
          </reporter-output>
        </test-method> <!-- invokeBrowser -->
        <test-method is-config="true" signature="setup()[pri:0, instance:com.atmecs.tutorialninja.testscripts.HomePage@4c6e276e]" started-at="2019-11-19T08:51:47Z" name="setup" finished-at="2019-11-19T08:51:55Z" duration-ms="7863" status="PASS">
          <reporter-output>
          </reporter-output>
        </test-method> <!-- setup -->
        <test-method signature="home()[pri:0, instance:com.atmecs.tutorialninja.testscripts.HomePage@4c6e276e]" started-at="2019-11-19T08:51:55Z" name="home" finished-at="2019-11-19T08:52:27Z" duration-ms="32285" status="PASS">
          <reporter-output>
          </reporter-output>
        </test-method> <!-- home -->
      </class> <!-- com.atmecs.tutorialninja.testscripts.HomePage -->
    </test> <!-- HomePage -->
  </suite> <!-- suite name -->
  <suite started-at="2019-11-19T08:52:27Z" name="ASSESSMENTWEBPAGES" finished-at="2019-11-19T08:52:27Z" duration-ms="0">
    <groups>
    </groups>
  </suite> <!-- ASSESSMENTWEBPAGES -->
</testng-results>
