<?xml version="1.0" encoding="UTF-8"?>
<testng-results ignored="0" total="1" passed="1" failed="0" skipped="0">
  <reporter-output>
  </reporter-output>
  <suite started-at="2019-11-18T17:06:10 IST" name="Default suite" finished-at="2019-11-18T17:06:53 IST" duration-ms="43525">
    <groups>
    </groups>
    <test started-at="2019-11-18T17:06:10 IST" name="Default test" finished-at="2019-11-18T17:06:53 IST" duration-ms="43525">
      <class name="com.atmecs.tutorialninja.testscripts.HomePage">
        <test-method is-config="true" signature="invokeBrowser()[pri:0, instance:com.atmecs.tutorialninja.testscripts.HomePage@1fa268de]" started-at="2019-11-18T17:06:10 IST" name="invokeBrowser" finished-at="2019-11-18T17:06:16 IST" duration-ms="6508" status="PASS">
          <reporter-output>
          </reporter-output>
        </test-method> <!-- invokeBrowser -->
        <test-method is-config="true" signature="setup()[pri:0, instance:com.atmecs.tutorialninja.testscripts.HomePage@1fa268de]" started-at="2019-11-18T17:06:16 IST" name="setup" finished-at="2019-11-18T17:06:25 IST" duration-ms="8208" status="PASS">
          <reporter-output>
          </reporter-output>
        </test-method> <!-- setup -->
        <test-method signature="home()[pri:0, instance:com.atmecs.tutorialninja.testscripts.HomePage@1fa268de]" started-at="2019-11-18T17:06:25 IST" name="home" finished-at="2019-11-18T17:06:53 IST" duration-ms="28760" status="PASS">
          <reporter-output>
          </reporter-output>
        </test-method> <!-- home -->
      </class> <!-- com.atmecs.tutorialninja.testscripts.HomePage -->
    </test> <!-- Default test -->
  </suite> <!-- Default suite -->
</testng-results>
